::1 - - [10/Apr/2014:03:08:45 +0100] "GET / HTTP/1.1" 302 - "-" "Mozilla/5.0 (Windows NT 6.3; WOW64) AppleWebKit/537.36 (KHTML, like Gecko) Chrome/33.0.1750.154 Safari/537.36"
::1 - - [10/Apr/2014:03:08:45 +0100] "GET /xampp/ HTTP/1.1" 302 208 "-" "Mozilla/5.0 (Windows NT 6.3; WOW64) AppleWebKit/537.36 (KHTML, like Gecko) Chrome/33.0.1750.154 Safari/537.36"
::1 - - [10/Apr/2014:03:08:45 +0100] "GET /xampp/splash.php HTTP/1.1" 200 1325 "-" "Mozilla/5.0 (Windows NT 6.3; WOW64) AppleWebKit/537.36 (KHTML, like Gecko) Chrome/33.0.1750.154 Safari/537.36"
::1 - - [10/Apr/2014:03:08:45 +0100] "GET /xampp/xampp.css HTTP/1.1" 200 4178 "http://localhost/xampp/splash.php" "Mozilla/5.0 (Windows NT 6.3; WOW64) AppleWebKit/537.36 (KHTML, like Gecko) Chrome/33.0.1750.154 Safari/537.36"
::1 - - [10/Apr/2014:03:08:45 +0100] "GET /xampp/img/blank.gif HTTP/1.1" 200 43 "http://localhost/xampp/splash.php" "Mozilla/5.0 (Windows NT 6.3; WOW64) AppleWebKit/537.36 (KHTML, like Gecko) Chrome/33.0.1750.154 Safari/537.36"
::1 - - [10/Apr/2014:03:08:45 +0100] "GET /xampp/img/xampp-logo.jpg HTTP/1.1" 200 19738 "http://localhost/xampp/splash.php" "Mozilla/5.0 (Windows NT 6.3; WOW64) AppleWebKit/537.36 (KHTML, like Gecko) Chrome/33.0.1750.154 Safari/537.36"
::1 - - [10/Apr/2014:03:09:28 +0100] "GET / HTTP/1.1" 200 4646 "-" "Mozilla/5.0 (Windows NT 6.3; WOW64) AppleWebKit/537.36 (KHTML, like Gecko) Chrome/33.0.1750.154 Safari/537.36"
::1 - - [10/Apr/2014:03:09:28 +0100] "GET /panel/css/bootstrap.min.css HTTP/1.1" 200 102897 "http://localhost/" "Mozilla/5.0 (Windows NT 6.3; WOW64) AppleWebKit/537.36 (KHTML, like Gecko) Chrome/33.0.1750.154 Safari/537.36"
::1 - - [10/Apr/2014:03:09:28 +0100] "GET /panel/css/font-awesome.min.css HTTP/1.1" 200 17780 "http://localhost/" "Mozilla/5.0 (Windows NT 6.3; WOW64) AppleWebKit/537.36 (KHTML, like Gecko) Chrome/33.0.1750.154 Safari/537.36"
::1 - - [10/Apr/2014:03:09:28 +0100] "GET /panel/css/default.css HTTP/1.1" 200 8499 "http://localhost/" "Mozilla/5.0 (Windows NT 6.3; WOW64) AppleWebKit/537.36 (KHTML, like Gecko) Chrome/33.0.1750.154 Safari/537.36"
::1 - - [10/Apr/2014:03:09:28 +0100] "GET /panel/js/bootstrap.min.js HTTP/1.1" 200 27822 "http://localhost/" "Mozilla/5.0 (Windows NT 6.3; WOW64) AppleWebKit/537.36 (KHTML, like Gecko) Chrome/33.0.1750.154 Safari/537.36"
::1 - - [10/Apr/2014:03:09:28 +0100] "GET /panel/js/jquery-1.9.1.min.js HTTP/1.1" 200 92629 "http://localhost/" "Mozilla/5.0 (Windows NT 6.3; WOW64) AppleWebKit/537.36 (KHTML, like Gecko) Chrome/33.0.1750.154 Safari/537.36"
::1 - - [10/Apr/2014:03:09:28 +0100] "GET /panel/js/custom.js HTTP/1.1" 200 2544 "http://localhost/" "Mozilla/5.0 (Windows NT 6.3; WOW64) AppleWebKit/537.36 (KHTML, like Gecko) Chrome/33.0.1750.154 Safari/537.36"
::1 - - [10/Apr/2014:03:09:28 +0100] "GET /panel/img/battlefieldtools-logo.png HTTP/1.1" 200 17692 "http://localhost/" "Mozilla/5.0 (Windows NT 6.3; WOW64) AppleWebKit/537.36 (KHTML, like Gecko) Chrome/33.0.1750.154 Safari/537.36"
::1 - - [10/Apr/2014:03:09:28 +0100] "GET /panel/fonts/fontawesome-webfont.woff?v=4.0.3 HTTP/1.1" 200 44432 "http://localhost/" "Mozilla/5.0 (Windows NT 6.3; WOW64) AppleWebKit/537.36 (KHTML, like Gecko) Chrome/33.0.1750.154 Safari/537.36"
::1 - - [10/Apr/2014:03:09:29 +0100] "GET /panel/img/favicon.png HTTP/1.1" 200 3517 "-" "Mozilla/5.0 (Windows NT 6.3; WOW64) AppleWebKit/537.36 (KHTML, like Gecko) Chrome/33.0.1750.154 Safari/537.36"
::1 - - [10/Apr/2014:03:10:02 +0100] "GET / HTTP/1.1" 200 4498 "-" "Mozilla/5.0 (Windows NT 6.3; WOW64) AppleWebKit/537.36 (KHTML, like Gecko) Chrome/33.0.1750.154 Safari/537.36"
::1 - - [10/Apr/2014:03:10:02 +0100] "GET /panel/css/bootstrap.min.css HTTP/1.1" 304 - "http://localhost/" "Mozilla/5.0 (Windows NT 6.3; WOW64) AppleWebKit/537.36 (KHTML, like Gecko) Chrome/33.0.1750.154 Safari/537.36"
::1 - - [10/Apr/2014:03:10:02 +0100] "GET /panel/css/font-awesome.min.css HTTP/1.1" 304 - "http://localhost/" "Mozilla/5.0 (Windows NT 6.3; WOW64) AppleWebKit/537.36 (KHTML, like Gecko) Chrome/33.0.1750.154 Safari/537.36"
::1 - - [10/Apr/2014:03:10:02 +0100] "GET /panel/css/default.css HTTP/1.1" 304 - "http://localhost/" "Mozilla/5.0 (Windows NT 6.3; WOW64) AppleWebKit/537.36 (KHTML, like Gecko) Chrome/33.0.1750.154 Safari/537.36"
::1 - - [10/Apr/2014:03:10:02 +0100] "GET /panel/js/jquery-1.9.1.min.js HTTP/1.1" 304 - "http://localhost/" "Mozilla/5.0 (Windows NT 6.3; WOW64) AppleWebKit/537.36 (KHTML, like Gecko) Chrome/33.0.1750.154 Safari/537.36"
::1 - - [10/Apr/2014:03:10:02 +0100] "GET /panel/js/bootstrap.min.js HTTP/1.1" 304 - "http://localhost/" "Mozilla/5.0 (Windows NT 6.3; WOW64) AppleWebKit/537.36 (KHTML, like Gecko) Chrome/33.0.1750.154 Safari/537.36"
::1 - - [10/Apr/2014:03:10:02 +0100] "GET /panel/js/custom.js HTTP/1.1" 304 - "http://localhost/" "Mozilla/5.0 (Windows NT 6.3; WOW64) AppleWebKit/537.36 (KHTML, like Gecko) Chrome/33.0.1750.154 Safari/537.36"
::1 - - [10/Apr/2014:03:10:02 +0100] "GET /panel/img/battlefieldtools-logo.png HTTP/1.1" 304 - "http://localhost/" "Mozilla/5.0 (Windows NT 6.3; WOW64) AppleWebKit/537.36 (KHTML, like Gecko) Chrome/33.0.1750.154 Safari/537.36"
::1 - - [10/Apr/2014:03:10:26 +0100] "GET /panel/ HTTP/1.1" 200 357 "http://localhost/" "Mozilla/5.0 (Windows NT 6.3; WOW64) AppleWebKit/537.36 (KHTML, like Gecko) Chrome/33.0.1750.154 Safari/537.36"
::1 - - [10/Apr/2014:03:11:28 +0100] "GET / HTTP/1.1" 200 4608 "-" "Mozilla/5.0 (Windows NT 6.3; WOW64) AppleWebKit/537.36 (KHTML, like Gecko) Chrome/33.0.1750.154 Safari/537.36"
::1 - - [10/Apr/2014:03:11:28 +0100] "GET /panel/css/bootstrap.min.css HTTP/1.1" 304 - "http://localhost/" "Mozilla/5.0 (Windows NT 6.3; WOW64) AppleWebKit/537.36 (KHTML, like Gecko) Chrome/33.0.1750.154 Safari/537.36"
::1 - - [10/Apr/2014:03:11:28 +0100] "GET /panel/css/font-awesome.min.css HTTP/1.1" 304 - "http://localhost/" "Mozilla/5.0 (Windows NT 6.3; WOW64) AppleWebKit/537.36 (KHTML, like Gecko) Chrome/33.0.1750.154 Safari/537.36"
::1 - - [10/Apr/2014:03:11:28 +0100] "GET /panel/css/default.css HTTP/1.1" 304 - "http://localhost/" "Mozilla/5.0 (Windows NT 6.3; WOW64) AppleWebKit/537.36 (KHTML, like Gecko) Chrome/33.0.1750.154 Safari/537.36"
::1 - - [10/Apr/2014:03:11:28 +0100] "GET /panel/js/jquery-1.9.1.min.js HTTP/1.1" 304 - "http://localhost/" "Mozilla/5.0 (Windows NT 6.3; WOW64) AppleWebKit/537.36 (KHTML, like Gecko) Chrome/33.0.1750.154 Safari/537.36"
::1 - - [10/Apr/2014:03:11:28 +0100] "GET /panel/js/bootstrap.min.js HTTP/1.1" 304 - "http://localhost/" "Mozilla/5.0 (Windows NT 6.3; WOW64) AppleWebKit/537.36 (KHTML, like Gecko) Chrome/33.0.1750.154 Safari/537.36"
::1 - - [10/Apr/2014:03:11:28 +0100] "GET /panel/js/custom.js HTTP/1.1" 304 - "http://localhost/" "Mozilla/5.0 (Windows NT 6.3; WOW64) AppleWebKit/537.36 (KHTML, like Gecko) Chrome/33.0.1750.154 Safari/537.36"
::1 - - [10/Apr/2014:03:11:28 +0100] "GET /panel/img/battlefieldtools-logo.png HTTP/1.1" 304 - "http://localhost/" "Mozilla/5.0 (Windows NT 6.3; WOW64) AppleWebKit/537.36 (KHTML, like Gecko) Chrome/33.0.1750.154 Safari/537.36"
::1 - - [10/Apr/2014:03:12:36 +0100] "GET / HTTP/1.1" 200 4689 "-" "Mozilla/5.0 (Windows NT 6.3; WOW64) AppleWebKit/537.36 (KHTML, like Gecko) Chrome/33.0.1750.154 Safari/537.36"
::1 - - [10/Apr/2014:03:12:36 +0100] "GET /panel/css/bootstrap.min.css HTTP/1.1" 304 - "http://localhost/" "Mozilla/5.0 (Windows NT 6.3; WOW64) AppleWebKit/537.36 (KHTML, like Gecko) Chrome/33.0.1750.154 Safari/537.36"
::1 - - [10/Apr/2014:03:12:36 +0100] "GET /panel/css/font-awesome.min.css HTTP/1.1" 304 - "http://localhost/" "Mozilla/5.0 (Windows NT 6.3; WOW64) AppleWebKit/537.36 (KHTML, like Gecko) Chrome/33.0.1750.154 Safari/537.36"
::1 - - [10/Apr/2014:03:12:36 +0100] "GET /panel/css/default.css HTTP/1.1" 304 - "http://localhost/" "Mozilla/5.0 (Windows NT 6.3; WOW64) AppleWebKit/537.36 (KHTML, like Gecko) Chrome/33.0.1750.154 Safari/537.36"
::1 - - [10/Apr/2014:03:12:36 +0100] "GET /panel/js/jquery-1.9.1.min.js HTTP/1.1" 304 - "http://localhost/" "Mozilla/5.0 (Windows NT 6.3; WOW64) AppleWebKit/537.36 (KHTML, like Gecko) Chrome/33.0.1750.154 Safari/537.36"
::1 - - [10/Apr/2014:03:12:36 +0100] "GET /panel/js/bootstrap.min.js HTTP/1.1" 304 - "http://localhost/" "Mozilla/5.0 (Windows NT 6.3; WOW64) AppleWebKit/537.36 (KHTML, like Gecko) Chrome/33.0.1750.154 Safari/537.36"
::1 - - [10/Apr/2014:03:12:36 +0100] "GET /panel/js/custom.js HTTP/1.1" 304 - "http://localhost/" "Mozilla/5.0 (Windows NT 6.3; WOW64) AppleWebKit/537.36 (KHTML, like Gecko) Chrome/33.0.1750.154 Safari/537.36"
::1 - - [10/Apr/2014:03:12:36 +0100] "GET /panel/img/battlefieldtools-logo.png HTTP/1.1" 304 - "http://localhost/" "Mozilla/5.0 (Windows NT 6.3; WOW64) AppleWebKit/537.36 (KHTML, like Gecko) Chrome/33.0.1750.154 Safari/537.36"
::1 - - [10/Apr/2014:03:12:48 +0100] "GET / HTTP/1.1" 200 4688 "-" "Mozilla/5.0 (Windows NT 6.3; WOW64) AppleWebKit/537.36 (KHTML, like Gecko) Chrome/33.0.1750.154 Safari/537.36"
::1 - - [10/Apr/2014:03:12:48 +0100] "GET /panel/css/bootstrap.min.css HTTP/1.1" 304 - "http://localhost/" "Mozilla/5.0 (Windows NT 6.3; WOW64) AppleWebKit/537.36 (KHTML, like Gecko) Chrome/33.0.1750.154 Safari/537.36"
::1 - - [10/Apr/2014:03:12:48 +0100] "GET /panel/css/font-awesome.min.css HTTP/1.1" 304 - "http://localhost/" "Mozilla/5.0 (Windows NT 6.3; WOW64) AppleWebKit/537.36 (KHTML, like Gecko) Chrome/33.0.1750.154 Safari/537.36"
::1 - - [10/Apr/2014:03:12:48 +0100] "GET /panel/css/default.css HTTP/1.1" 304 - "http://localhost/" "Mozilla/5.0 (Windows NT 6.3; WOW64) AppleWebKit/537.36 (KHTML, like Gecko) Chrome/33.0.1750.154 Safari/537.36"
::1 - - [10/Apr/2014:03:12:48 +0100] "GET /panel/js/jquery-1.9.1.min.js HTTP/1.1" 304 - "http://localhost/" "Mozilla/5.0 (Windows NT 6.3; WOW64) AppleWebKit/537.36 (KHTML, like Gecko) Chrome/33.0.1750.154 Safari/537.36"
::1 - - [10/Apr/2014:03:12:48 +0100] "GET /panel/js/bootstrap.min.js HTTP/1.1" 304 - "http://localhost/" "Mozilla/5.0 (Windows NT 6.3; WOW64) AppleWebKit/537.36 (KHTML, like Gecko) Chrome/33.0.1750.154 Safari/537.36"
::1 - - [10/Apr/2014:03:12:48 +0100] "GET /panel/js/custom.js HTTP/1.1" 304 - "http://localhost/" "Mozilla/5.0 (Windows NT 6.3; WOW64) AppleWebKit/537.36 (KHTML, like Gecko) Chrome/33.0.1750.154 Safari/537.36"
::1 - - [10/Apr/2014:03:12:48 +0100] "GET /panel/img/battlefieldtools-logo.png HTTP/1.1" 304 - "http://localhost/" "Mozilla/5.0 (Windows NT 6.3; WOW64) AppleWebKit/537.36 (KHTML, like Gecko) Chrome/33.0.1750.154 Safari/537.36"
::1 - - [10/Apr/2014:03:13:12 +0100] "GET / HTTP/1.1" 200 4682 "-" "Mozilla/5.0 (Windows NT 6.3; WOW64) AppleWebKit/537.36 (KHTML, like Gecko) Chrome/33.0.1750.154 Safari/537.36"
::1 - - [10/Apr/2014:03:13:12 +0100] "GET /panel/css/bootstrap.min.css HTTP/1.1" 304 - "http://localhost/" "Mozilla/5.0 (Windows NT 6.3; WOW64) AppleWebKit/537.36 (KHTML, like Gecko) Chrome/33.0.1750.154 Safari/537.36"
::1 - - [10/Apr/2014:03:13:12 +0100] "GET /panel/css/font-awesome.min.css HTTP/1.1" 304 - "http://localhost/" "Mozilla/5.0 (Windows NT 6.3; WOW64) AppleWebKit/537.36 (KHTML, like Gecko) Chrome/33.0.1750.154 Safari/537.36"
::1 - - [10/Apr/2014:03:13:12 +0100] "GET /panel/css/default.css HTTP/1.1" 304 - "http://localhost/" "Mozilla/5.0 (Windows NT 6.3; WOW64) AppleWebKit/537.36 (KHTML, like Gecko) Chrome/33.0.1750.154 Safari/537.36"
::1 - - [10/Apr/2014:03:13:12 +0100] "GET /panel/js/jquery-1.9.1.min.js HTTP/1.1" 304 - "http://localhost/" "Mozilla/5.0 (Windows NT 6.3; WOW64) AppleWebKit/537.36 (KHTML, like Gecko) Chrome/33.0.1750.154 Safari/537.36"
::1 - - [10/Apr/2014:03:13:12 +0100] "GET /panel/js/bootstrap.min.js HTTP/1.1" 304 - "http://localhost/" "Mozilla/5.0 (Windows NT 6.3; WOW64) AppleWebKit/537.36 (KHTML, like Gecko) Chrome/33.0.1750.154 Safari/537.36"
::1 - - [10/Apr/2014:03:13:12 +0100] "GET /panel/js/custom.js HTTP/1.1" 304 - "http://localhost/" "Mozilla/5.0 (Windows NT 6.3; WOW64) AppleWebKit/537.36 (KHTML, like Gecko) Chrome/33.0.1750.154 Safari/537.36"
::1 - - [10/Apr/2014:03:13:12 +0100] "GET /panel/img/battlefieldtools-logo.png HTTP/1.1" 304 - "http://localhost/" "Mozilla/5.0 (Windows NT 6.3; WOW64) AppleWebKit/537.36 (KHTML, like Gecko) Chrome/33.0.1750.154 Safari/537.36"
::1 - - [10/Apr/2014:03:13:41 +0100] "GET / HTTP/1.1" 200 4722 "-" "Mozilla/5.0 (Windows NT 6.3; WOW64) AppleWebKit/537.36 (KHTML, like Gecko) Chrome/33.0.1750.154 Safari/537.36"
::1 - - [10/Apr/2014:03:13:41 +0100] "GET /panel/css/bootstrap.min.css HTTP/1.1" 304 - "http://localhost/" "Mozilla/5.0 (Windows NT 6.3; WOW64) AppleWebKit/537.36 (KHTML, like Gecko) Chrome/33.0.1750.154 Safari/537.36"
::1 - - [10/Apr/2014:03:13:41 +0100] "GET /panel/css/font-awesome.min.css HTTP/1.1" 304 - "http://localhost/" "Mozilla/5.0 (Windows NT 6.3; WOW64) AppleWebKit/537.36 (KHTML, like Gecko) Chrome/33.0.1750.154 Safari/537.36"
::1 - - [10/Apr/2014:03:13:41 +0100] "GET /panel/css/default.css HTTP/1.1" 304 - "http://localhost/" "Mozilla/5.0 (Windows NT 6.3; WOW64) AppleWebKit/537.36 (KHTML, like Gecko) Chrome/33.0.1750.154 Safari/537.36"
::1 - - [10/Apr/2014:03:13:41 +0100] "GET /panel/js/jquery-1.9.1.min.js HTTP/1.1" 304 - "http://localhost/" "Mozilla/5.0 (Windows NT 6.3; WOW64) AppleWebKit/537.36 (KHTML, like Gecko) Chrome/33.0.1750.154 Safari/537.36"
::1 - - [10/Apr/2014:03:13:41 +0100] "GET /panel/js/bootstrap.min.js HTTP/1.1" 304 - "http://localhost/" "Mozilla/5.0 (Windows NT 6.3; WOW64) AppleWebKit/537.36 (KHTML, like Gecko) Chrome/33.0.1750.154 Safari/537.36"
::1 - - [10/Apr/2014:03:13:41 +0100] "GET /panel/js/custom.js HTTP/1.1" 304 - "http://localhost/" "Mozilla/5.0 (Windows NT 6.3; WOW64) AppleWebKit/537.36 (KHTML, like Gecko) Chrome/33.0.1750.154 Safari/537.36"
::1 - - [10/Apr/2014:03:13:41 +0100] "GET /panel/img/battlefieldtools-logo.png HTTP/1.1" 304 - "http://localhost/" "Mozilla/5.0 (Windows NT 6.3; WOW64) AppleWebKit/537.36 (KHTML, like Gecko) Chrome/33.0.1750.154 Safari/537.36"
::1 - - [10/Apr/2014:03:13:48 +0100] "GET / HTTP/1.1" 200 4722 "-" "Mozilla/5.0 (Windows NT 6.3; WOW64) AppleWebKit/537.36 (KHTML, like Gecko) Chrome/33.0.1750.154 Safari/537.36"
::1 - - [10/Apr/2014:03:13:48 +0100] "GET /panel/css/bootstrap.min.css HTTP/1.1" 304 - "http://localhost/" "Mozilla/5.0 (Windows NT 6.3; WOW64) AppleWebKit/537.36 (KHTML, like Gecko) Chrome/33.0.1750.154 Safari/537.36"
::1 - - [10/Apr/2014:03:13:48 +0100] "GET /panel/css/font-awesome.min.css HTTP/1.1" 304 - "http://localhost/" "Mozilla/5.0 (Windows NT 6.3; WOW64) AppleWebKit/537.36 (KHTML, like Gecko) Chrome/33.0.1750.154 Safari/537.36"
::1 - - [10/Apr/2014:03:13:48 +0100] "GET /panel/css/default.css HTTP/1.1" 304 - "http://localhost/" "Mozilla/5.0 (Windows NT 6.3; WOW64) AppleWebKit/537.36 (KHTML, like Gecko) Chrome/33.0.1750.154 Safari/537.36"
::1 - - [10/Apr/2014:03:13:48 +0100] "GET /panel/js/jquery-1.9.1.min.js HTTP/1.1" 304 - "http://localhost/" "Mozilla/5.0 (Windows NT 6.3; WOW64) AppleWebKit/537.36 (KHTML, like Gecko) Chrome/33.0.1750.154 Safari/537.36"
::1 - - [10/Apr/2014:03:13:48 +0100] "GET /panel/js/bootstrap.min.js HTTP/1.1" 304 - "http://localhost/" "Mozilla/5.0 (Windows NT 6.3; WOW64) AppleWebKit/537.36 (KHTML, like Gecko) Chrome/33.0.1750.154 Safari/537.36"
::1 - - [10/Apr/2014:03:13:48 +0100] "GET /panel/js/custom.js HTTP/1.1" 304 - "http://localhost/" "Mozilla/5.0 (Windows NT 6.3; WOW64) AppleWebKit/537.36 (KHTML, like Gecko) Chrome/33.0.1750.154 Safari/537.36"
::1 - - [10/Apr/2014:03:13:48 +0100] "GET /panel/img/battlefieldtools-logo.png HTTP/1.1" 304 - "http://localhost/" "Mozilla/5.0 (Windows NT 6.3; WOW64) AppleWebKit/537.36 (KHTML, like Gecko) Chrome/33.0.1750.154 Safari/537.36"
::1 - - [10/Apr/2014:03:13:56 +0100] "GET /panel/ HTTP/1.1" 200 357 "http://localhost/" "Mozilla/5.0 (Windows NT 6.3; WOW64) AppleWebKit/537.36 (KHTML, like Gecko) Chrome/33.0.1750.154 Safari/537.36"
::1 - - [10/Apr/2014:03:18:48 +0100] "GET /phpmyadmin/ HTTP/1.1" 200 51094 "-" "Mozilla/5.0 (Windows NT 6.3; WOW64) AppleWebKit/537.36 (KHTML, like Gecko) Chrome/33.0.1750.154 Safari/537.36"
::1 - - [10/Apr/2014:03:18:48 +0100] "GET /phpmyadmin/themes/pmahomme/jquery/jquery-ui-1.9.2.custom.css HTTP/1.1" 200 32278 "http://localhost/phpmyadmin/" "Mozilla/5.0 (Windows NT 6.3; WOW64) AppleWebKit/537.36 (KHTML, like Gecko) Chrome/33.0.1750.154 Safari/537.36"
::1 - - [10/Apr/2014:03:18:48 +0100] "GET /phpmyadmin/themes/pmahomme/img/logo_left.png HTTP/1.1" 200 2327 "http://localhost/phpmyadmin/" "Mozilla/5.0 (Windows NT 6.3; WOW64) AppleWebKit/537.36 (KHTML, like Gecko) Chrome/33.0.1750.154 Safari/537.36"
::1 - - [10/Apr/2014:03:18:48 +0100] "GET /phpmyadmin/themes/dot.gif HTTP/1.1" 200 43 "http://localhost/phpmyadmin/" "Mozilla/5.0 (Windows NT 6.3; WOW64) AppleWebKit/537.36 (KHTML, like Gecko) Chrome/33.0.1750.154 Safari/537.36"
::1 - - [10/Apr/2014:03:18:48 +0100] "GET /phpmyadmin/themes/pmahomme/img/ajax_clock_small.gif HTTP/1.1" 200 1810 "http://localhost/phpmyadmin/" "Mozilla/5.0 (Windows NT 6.3; WOW64) AppleWebKit/537.36 (KHTML, like Gecko) Chrome/33.0.1750.154 Safari/537.36"
::1 - - [10/Apr/2014:03:18:48 +0100] "GET /phpmyadmin/phpmyadmin.css.php?server=1&lang=en&collation_connection=utf8mb4_general_ci&token=a8300393a213a7e5d5fe0b3e565861a5&nocache=5550027055ltr HTTP/1.1" 200 92833 "http://localhost/phpmyadmin/" "Mozilla/5.0 (Windows NT 6.3; WOW64) AppleWebKit/537.36 (KHTML, like Gecko) Chrome/33.0.1750.154 Safari/537.36"
::1 - - [10/Apr/2014:03:18:48 +0100] "GET /phpmyadmin/js/get_scripts.js.php?lang=en&collation_connection=utf8mb4_general_ci&token=a8300393a213a7e5d5fe0b3e565861a5&scripts[]=jquery/jquery-1.8.3.min.js&scripts[]=ajax.js&scripts[]=keyhandler.js&scripts[]=jquery/jquery-ui-1.9.2.custom.min.js&scripts[]=jquery/jquery.sprintf.js&scripts[]=jquery/jquery.cookie.js&scripts[]=jquery/jquery.mousewheel.js&scripts[]=jquery/jquery.event.drag-2.2.js&scripts[]=jquery/jquery-ui-timepicker-addon.js&scripts[]=jquery/jquery.ba-hashchange-1.3.js&scripts[]=jquery/jquery.debounce-1.0.5.js&scripts[]=jquery/jquery.menuResizer-1.0.js&scripts[]=cross_framing_protection.js&scripts[]=rte.js&scripts[]=tracekit/tracekit.js&scripts[]=error_report.js&scripts[]=doclinks.js&scripts[]=functions.js&scripts[]=navigation.js&scripts[]=indexes.js&scripts[]=common.js&scripts[]=codemirror/lib/codemirror.js&scripts[]=codemirror/mode/sql/sql.js&scripts[]=codemirror/addon/runmode/runmode.js HTTP/1.1" 200 1035104 "http://localhost/phpmyadmin/" "Mozilla/5.0 (Windows NT 6.3; WOW64) AppleWebKit/537.36 (KHTML, like Gecko) Chrome/33.0.1750.154 Safari/537.36"
::1 - - [10/Apr/2014:03:18:48 +0100] "GET /phpmyadmin/js/get_image.js.php?theme=pmahomme HTTP/1.1" 200 6388 "http://localhost/phpmyadmin/" "Mozilla/5.0 (Windows NT 6.3; WOW64) AppleWebKit/537.36 (KHTML, like Gecko) Chrome/33.0.1750.154 Safari/537.36"
::1 - - [10/Apr/2014:03:18:48 +0100] "GET /phpmyadmin/js/messages.php?lang=en&db=&collation_connection=utf8mb4_general_ci&token=a8300393a213a7e5d5fe0b3e565861a5 HTTP/1.1" 200 17754 "http://localhost/phpmyadmin/" "Mozilla/5.0 (Windows NT 6.3; WOW64) AppleWebKit/537.36 (KHTML, like Gecko) Chrome/33.0.1750.154 Safari/537.36"
::1 - - [10/Apr/2014:03:18:48 +0100] "GET /phpmyadmin/themes/pmahomme/img/left_nav_bg.png HTTP/1.1" 200 297 "http://localhost/phpmyadmin/" "Mozilla/5.0 (Windows NT 6.3; WOW64) AppleWebKit/537.36 (KHTML, like Gecko) Chrome/33.0.1750.154 Safari/537.36"
::1 - - [10/Apr/2014:03:18:48 +0100] "GET /phpmyadmin/themes/pmahomme/img/sprites.png HTTP/1.1" 200 41626 "http://localhost/phpmyadmin/" "Mozilla/5.0 (Windows NT 6.3; WOW64) AppleWebKit/537.36 (KHTML, like Gecko) Chrome/33.0.1750.154 Safari/537.36"
::1 - - [10/Apr/2014:03:18:48 +0100] "GET /phpmyadmin/favicon.ico HTTP/1.1" 200 18902 "-" "Mozilla/5.0 (Windows NT 6.3; WOW64) AppleWebKit/537.36 (KHTML, like Gecko) Chrome/33.0.1750.154 Safari/537.36"
::1 - - [10/Apr/2014:03:18:48 +0100] "GET /phpmyadmin/version_check.php?&_nocache=1397096328818172284 HTTP/1.1" 200 40 "http://localhost/phpmyadmin/" "Mozilla/5.0 (Windows NT 6.3; WOW64) AppleWebKit/537.36 (KHTML, like Gecko) Chrome/33.0.1750.154 Safari/537.36"
::1 - - [10/Apr/2014:03:19:32 +0100] "GET /panel/ HTTP/1.1" 200 357 "http://localhost/" "Mozilla/5.0 (Windows NT 6.3; WOW64) AppleWebKit/537.36 (KHTML, like Gecko) Chrome/33.0.1750.154 Safari/537.36"
::1 - - [10/Apr/2014:03:19:33 +0100] "GET /panel/ HTTP/1.1" 200 357 "http://localhost/" "Mozilla/5.0 (Windows NT 6.3; WOW64) AppleWebKit/537.36 (KHTML, like Gecko) Chrome/33.0.1750.154 Safari/537.36"
::1 - - [10/Apr/2014:03:19:42 +0100] "GET / HTTP/1.1" 200 4722 "-" "Mozilla/5.0 (Windows NT 6.3; WOW64) AppleWebKit/537.36 (KHTML, like Gecko) Chrome/33.0.1750.154 Safari/537.36"
::1 - - [10/Apr/2014:03:19:44 +0100] "GET /panel/ HTTP/1.1" 200 357 "http://localhost/" "Mozilla/5.0 (Windows NT 6.3; WOW64) AppleWebKit/537.36 (KHTML, like Gecko) Chrome/33.0.1750.154 Safari/537.36"
::1 - - [10/Apr/2014:03:46:59 +0100] "GET /myadmin HTTP/1.1" 404 1052 "-" "Mozilla/5.0 (Windows NT 6.3; WOW64) AppleWebKit/537.36 (KHTML, like Gecko) Chrome/33.0.1750.154 Safari/537.36"
::1 - - [10/Apr/2014:03:47:04 +0100] "GET /phpmyadmin HTTP/1.1" 301 334 "-" "Mozilla/5.0 (Windows NT 6.3; WOW64) AppleWebKit/537.36 (KHTML, like Gecko) Chrome/33.0.1750.154 Safari/537.36"
::1 - - [10/Apr/2014:03:47:04 +0100] "GET /phpmyadmin/ HTTP/1.1" 200 48808 "-" "Mozilla/5.0 (Windows NT 6.3; WOW64) AppleWebKit/537.36 (KHTML, like Gecko) Chrome/33.0.1750.154 Safari/537.36"
::1 - - [10/Apr/2014:03:47:04 +0100] "GET /phpmyadmin/js/get_scripts.js.php?token=a8300393a213a7e5d5fe0b3e565861a5&scripts[]=jquery/jquery-1.8.3.min.js&scripts[]=ajax.js&scripts[]=keyhandler.js&scripts[]=jquery/jquery-ui-1.9.2.custom.min.js&scripts[]=jquery/jquery.sprintf.js&scripts[]=jquery/jquery.cookie.js&scripts[]=jquery/jquery.mousewheel.js&scripts[]=jquery/jquery.event.drag-2.2.js&scripts[]=jquery/jquery-ui-timepicker-addon.js&scripts[]=jquery/jquery.ba-hashchange-1.3.js&scripts[]=jquery/jquery.debounce-1.0.5.js&scripts[]=jquery/jquery.menuResizer-1.0.js&scripts[]=cross_framing_protection.js&scripts[]=rte.js&scripts[]=tracekit/tracekit.js&scripts[]=error_report.js&scripts[]=doclinks.js&scripts[]=functions.js&scripts[]=navigation.js&scripts[]=indexes.js&scripts[]=common.js&scripts[]=codemirror/lib/codemirror.js&scripts[]=codemirror/mode/sql/sql.js&scripts[]=codemirror/addon/runmode/runmode.js HTTP/1.1" 200 1035104 "http://localhost/phpmyadmin/" "Mozilla/5.0 (Windows NT 6.3; WOW64) AppleWebKit/537.36 (KHTML, like Gecko) Chrome/33.0.1750.154 Safari/537.36"
::1 - - [10/Apr/2014:03:47:04 +0100] "GET /phpmyadmin/phpmyadmin.css.php?server=1&token=a8300393a213a7e5d5fe0b3e565861a5&nocache=5550027055ltr HTTP/1.1" 200 92833 "http://localhost/phpmyadmin/" "Mozilla/5.0 (Windows NT 6.3; WOW64) AppleWebKit/537.36 (KHTML, like Gecko) Chrome/33.0.1750.154 Safari/537.36"
::1 - - [10/Apr/2014:03:47:04 +0100] "GET /phpmyadmin/js/messages.php?lang=en&db=&token=a8300393a213a7e5d5fe0b3e565861a5 HTTP/1.1" 200 17754 "http://localhost/phpmyadmin/" "Mozilla/5.0 (Windows NT 6.3; WOW64) AppleWebKit/537.36 (KHTML, like Gecko) Chrome/33.0.1750.154 Safari/537.36"
::1 - - [10/Apr/2014:03:47:04 +0100] "GET /phpmyadmin/version_check.php?&_nocache=1397098024772144536 HTTP/1.1" 200 40 "http://localhost/phpmyadmin/" "Mozilla/5.0 (Windows NT 6.3; WOW64) AppleWebKit/537.36 (KHTML, like Gecko) Chrome/33.0.1750.154 Safari/537.36"
::1 - - [10/Apr/2014:03:47:18 +0100] "GET /phpmyadmin/navigation.php?ajax_request=1&token=a8300393a213a7e5d5fe0b3e565861a5&aPath=cm9vdA%3D%3D.bXlzcWw%3D&vPath=cm9vdA%3D%3D.bXlzcWw%3D&pos=0&pos2_name=&pos2_value=&searchClause=&searchClause2=&_nocache=1397098038101296991 HTTP/1.1" 200 24478 "http://localhost/phpmyadmin/" "Mozilla/5.0 (Windows NT 6.3; WOW64) AppleWebKit/537.36 (KHTML, like Gecko) Chrome/33.0.1750.154 Safari/537.36"
::1 - - [10/Apr/2014:03:47:20 +0100] "GET /phpmyadmin/navigation.php?ajax_request=1&token=a8300393a213a7e5d5fe0b3e565861a5&aPath=cm9vdA%3D%3D.cGhwbXlhZG1pbg%3D%3D&vPath=cm9vdA%3D%3D.cGhwbXlhZG1pbg%3D%3D&pos=0&pos2_name=&pos2_value=&searchClause=&searchClause2=&_nocache=1397098040422788949 HTTP/1.1" 200 11238 "http://localhost/phpmyadmin/" "Mozilla/5.0 (Windows NT 6.3; WOW64) AppleWebKit/537.36 (KHTML, like Gecko) Chrome/33.0.1750.154 Safari/537.36"
::1 - - [10/Apr/2014:03:47:22 +0100] "GET /phpmyadmin/navigation.php?ajax_request=1&token=a8300393a213a7e5d5fe0b3e565861a5&aPath=cm9vdA%3D%3D.dGVzdA%3D%3D&vPath=cm9vdA%3D%3D.dGVzdA%3D%3D&pos=0&pos2_name=&pos2_value=&searchClause=&searchClause2=&_nocache=1397098041997391266 HTTP/1.1" 200 97 "http://localhost/phpmyadmin/" "Mozilla/5.0 (Windows NT 6.3; WOW64) AppleWebKit/537.36 (KHTML, like Gecko) Chrome/33.0.1750.154 Safari/537.36"
::1 - - [10/Apr/2014:03:47:26 +0100] "GET /phpmyadmin/server_privileges.php?db=&token=a8300393a213a7e5d5fe0b3e565861a5&viewing_mode=server&ajax_request=true&ajax_page_request=true&menuHashes=e2f00ebb&_nocache=1397098046302821206 HTTP/1.1" 200 14268 "http://localhost/phpmyadmin/" "Mozilla/5.0 (Windows NT 6.3; WOW64) AppleWebKit/537.36 (KHTML, like Gecko) Chrome/33.0.1750.154 Safari/537.36"
::1 - - [10/Apr/2014:03:47:26 +0100] "GET /phpmyadmin/themes/pmahomme/img/arrow_ltr.png HTTP/1.1" 200 139 "http://localhost/phpmyadmin/" "Mozilla/5.0 (Windows NT 6.3; WOW64) AppleWebKit/537.36 (KHTML, like Gecko) Chrome/33.0.1750.154 Safari/537.36"
::1 - - [10/Apr/2014:03:47:26 +0100] "GET /phpmyadmin/js/get_scripts.js.php?scripts[]=server_privileges.js&token=a8300393a213a7e5d5fe0b3e565861a5&call_done=1 HTTP/1.1" 200 26579 "http://localhost/phpmyadmin/" "Mozilla/5.0 (Windows NT 6.3; WOW64) AppleWebKit/537.36 (KHTML, like Gecko) Chrome/33.0.1750.154 Safari/537.36"
::1 - - [10/Apr/2014:03:47:28 +0100] "GET /phpmyadmin/server_privileges.php?adduser=1&token=a8300393a213a7e5d5fe0b3e565861a5&ajax_request=true&_nocache=1397098048044851193 HTTP/1.1" 200 16049 "http://localhost/phpmyadmin/" "Mozilla/5.0 (Windows NT 6.3; WOW64) AppleWebKit/537.36 (KHTML, like Gecko) Chrome/33.0.1750.154 Safari/537.36"
::1 - - [10/Apr/2014:03:47:32 +0100] "GET /phpmyadmin/server_privileges.php?ajax_request=true&token=a8300393a213a7e5d5fe0b3e565861a5&validate_username=true&username=servertool&_nocache=1397098052080859925 HTTP/1.1" 200 205 "http://localhost/phpmyadmin/" "Mozilla/5.0 (Windows NT 6.3; WOW64) AppleWebKit/537.36 (KHTML, like Gecko) Chrome/33.0.1750.154 Safari/537.36"
::1 - - [10/Apr/2014:03:47:35 +0100] "GET /phpmyadmin/server_privileges.php?ajax_request=true&token=a8300393a213a7e5d5fe0b3e565861a5&validate_username=true&username=servertool&_nocache=1397098055173767955 HTTP/1.1" 200 205 "http://localhost/phpmyadmin/" "Mozilla/5.0 (Windows NT 6.3; WOW64) AppleWebKit/537.36 (KHTML, like Gecko) Chrome/33.0.1750.154 Safari/537.36"
::1 - - [10/Apr/2014:03:47:37 +0100] "GET /phpmyadmin/server_privileges.php?ajax_request=true&token=a8300393a213a7e5d5fe0b3e565861a5&validate_username=true&username=servertool&_nocache=1397098057191724101 HTTP/1.1" 200 205 "http://localhost/phpmyadmin/" "Mozilla/5.0 (Windows NT 6.3; WOW64) AppleWebKit/537.36 (KHTML, like Gecko) Chrome/33.0.1750.154 Safari/537.36"
::1 - - [10/Apr/2014:03:48:08 +0100] "GET /phpmyadmin/server_privileges.php?ajax_request=true&token=a8300393a213a7e5d5fe0b3e565861a5&validate_username=true&username=servertool&_nocache=1397098088253521219 HTTP/1.1" 200 205 "http://localhost/phpmyadmin/" "Mozilla/5.0 (Windows NT 6.3; WOW64) AppleWebKit/537.36 (KHTML, like Gecko) Chrome/33.0.1750.154 Safari/537.36"
::1 - - [10/Apr/2014:03:48:11 +0100] "POST /phpmyadmin/server_privileges.php HTTP/1.1" 200 3935 "http://localhost/phpmyadmin/" "Mozilla/5.0 (Windows NT 6.3; WOW64) AppleWebKit/537.36 (KHTML, like Gecko) Chrome/33.0.1750.154 Safari/537.36"
::1 - - [10/Apr/2014:03:48:11 +0100] "POST /phpmyadmin/navigation.php?ajax_request=1&token=a8300393a213a7e5d5fe0b3e565861a5 HTTP/1.1" 200 6387 "http://localhost/phpmyadmin/" "Mozilla/5.0 (Windows NT 6.3; WOW64) AppleWebKit/537.36 (KHTML, like Gecko) Chrome/33.0.1750.154 Safari/537.36"
::1 - - [10/Apr/2014:03:48:33 +0100] "GET / HTTP/1.1" 200 4722 "-" "Mozilla/5.0 (Windows NT 6.3; WOW64) AppleWebKit/537.36 (KHTML, like Gecko) Chrome/33.0.1750.154 Safari/537.36"
::1 - - [10/Apr/2014:03:48:37 +0100] "GET /install.php HTTP/1.1" 200 341 "-" "Mozilla/5.0 (Windows NT 6.3; WOW64) AppleWebKit/537.36 (KHTML, like Gecko) Chrome/33.0.1750.154 Safari/537.36"
::1 - - [10/Apr/2014:03:48:54 +0100] "GET /phpmyadmin/server_privileges.php?username=servertool&hostname=%25&dbname=&tablename=&token=a8300393a213a7e5d5fe0b3e565861a5&ajax_request=true&edit_user_dialog=true&token=a8300393a213a7e5d5fe0b3e565861a5&_nocache=139709813429146389 HTTP/1.1" 200 21353 "http://localhost/phpmyadmin/" "Mozilla/5.0 (Windows NT 6.3; WOW64) AppleWebKit/537.36 (KHTML, like Gecko) Chrome/33.0.1750.154 Safari/537.36"
::1 - - [10/Apr/2014:03:49:01 +0100] "POST /phpmyadmin/server_privileges.php HTTP/1.1" 200 199 "http://localhost/phpmyadmin/" "Mozilla/5.0 (Windows NT 6.3; WOW64) AppleWebKit/537.36 (KHTML, like Gecko) Chrome/33.0.1750.154 Safari/537.36"
::1 - - [10/Apr/2014:03:49:03 +0100] "GET /install.php HTTP/1.1" 200 341 "-" "Mozilla/5.0 (Windows NT 6.3; WOW64) AppleWebKit/537.36 (KHTML, like Gecko) Chrome/33.0.1750.154 Safari/537.36"
::1 - - [10/Apr/2014:03:49:04 +0100] "GET /install.php HTTP/1.1" 200 341 "-" "Mozilla/5.0 (Windows NT 6.3; WOW64) AppleWebKit/537.36 (KHTML, like Gecko) Chrome/33.0.1750.154 Safari/537.36"
::1 - - [10/Apr/2014:03:49:04 +0100] "GET /install.php HTTP/1.1" 200 341 "-" "Mozilla/5.0 (Windows NT 6.3; WOW64) AppleWebKit/537.36 (KHTML, like Gecko) Chrome/33.0.1750.154 Safari/537.36"
::1 - - [10/Apr/2014:03:49:27 +0100] "GET /install.php HTTP/1.1" 200 6933 "-" "Mozilla/5.0 (Windows NT 6.3; WOW64) AppleWebKit/537.36 (KHTML, like Gecko) Chrome/33.0.1750.154 Safari/537.36"
::1 - - [10/Apr/2014:03:49:27 +0100] "GET /panel/css/bootstrap.min.css HTTP/1.1" 304 - "http://localhost/" "Mozilla/5.0 (Windows NT 6.3; WOW64) AppleWebKit/537.36 (KHTML, like Gecko) Chrome/33.0.1750.154 Safari/537.36"
::1 - - [10/Apr/2014:03:49:27 +0100] "GET /panel/js/bootstrap.min.js HTTP/1.1" 304 - "http://localhost/" "Mozilla/5.0 (Windows NT 6.3; WOW64) AppleWebKit/537.36 (KHTML, like Gecko) Chrome/33.0.1750.154 Safari/537.36"
::1 - - [10/Apr/2014:03:49:27 +0100] "GET /panel/css/font-awesome.min.css HTTP/1.1" 304 - "http://localhost/" "Mozilla/5.0 (Windows NT 6.3; WOW64) AppleWebKit/537.36 (KHTML, like Gecko) Chrome/33.0.1750.154 Safari/537.36"
::1 - - [10/Apr/2014:03:49:27 +0100] "GET /panel/css/default.css HTTP/1.1" 304 - "http://localhost/" "Mozilla/5.0 (Windows NT 6.3; WOW64) AppleWebKit/537.36 (KHTML, like Gecko) Chrome/33.0.1750.154 Safari/537.36"
::1 - - [10/Apr/2014:03:54:17 +0100] "GET /install.php HTTP/1.1" 200 6933 "-" "Mozilla/5.0 (Windows NT 6.3; WOW64) AppleWebKit/537.36 (KHTML, like Gecko) Chrome/33.0.1750.154 Safari/537.36"
::1 - - [10/Apr/2014:03:54:17 +0100] "GET /panel/css/bootstrap.min.css HTTP/1.1" 304 - "http://localhost/" "Mozilla/5.0 (Windows NT 6.3; WOW64) AppleWebKit/537.36 (KHTML, like Gecko) Chrome/33.0.1750.154 Safari/537.36"
::1 - - [10/Apr/2014:03:54:17 +0100] "GET /panel/css/font-awesome.min.css HTTP/1.1" 304 - "http://localhost/" "Mozilla/5.0 (Windows NT 6.3; WOW64) AppleWebKit/537.36 (KHTML, like Gecko) Chrome/33.0.1750.154 Safari/537.36"
::1 - - [10/Apr/2014:03:54:17 +0100] "GET /panel/css/default.css HTTP/1.1" 304 - "http://localhost/" "Mozilla/5.0 (Windows NT 6.3; WOW64) AppleWebKit/537.36 (KHTML, like Gecko) Chrome/33.0.1750.154 Safari/537.36"
::1 - - [10/Apr/2014:03:54:17 +0100] "GET /panel/js/bootstrap.min.js HTTP/1.1" 304 - "http://localhost/" "Mozilla/5.0 (Windows NT 6.3; WOW64) AppleWebKit/537.36 (KHTML, like Gecko) Chrome/33.0.1750.154 Safari/537.36"
::1 - - [10/Apr/2014:03:54:24 +0100] "GET /panel HTTP/1.1" 301 329 "http://localhost/install.php" "Mozilla/5.0 (Windows NT 6.3; WOW64) AppleWebKit/537.36 (KHTML, like Gecko) Chrome/33.0.1750.154 Safari/537.36"
::1 - - [10/Apr/2014:03:54:24 +0100] "GET /panel/ HTTP/1.1" 302 51 "http://localhost/install.php" "Mozilla/5.0 (Windows NT 6.3; WOW64) AppleWebKit/537.36 (KHTML, like Gecko) Chrome/33.0.1750.154 Safari/537.36"
::1 - - [10/Apr/2014:03:54:24 +0100] "GET /install.php HTTP/1.1" 200 6933 "http://localhost/install.php" "Mozilla/5.0 (Windows NT 6.3; WOW64) AppleWebKit/537.36 (KHTML, like Gecko) Chrome/33.0.1750.154 Safari/537.36"
::1 - - [10/Apr/2014:03:54:26 +0100] "GET /install.php HTTP/1.1" 200 6933 "-" "Mozilla/5.0 (Windows NT 6.3; WOW64) AppleWebKit/537.36 (KHTML, like Gecko) Chrome/33.0.1750.154 Safari/537.36"
::1 - - [10/Apr/2014:03:54:29 +0100] "GET / HTTP/1.1" 200 4722 "-" "Mozilla/5.0 (Windows NT 6.3; WOW64) AppleWebKit/537.36 (KHTML, like Gecko) Chrome/33.0.1750.154 Safari/537.36"
::1 - - [10/Apr/2014:03:55:04 +0100] "GET /panel/ HTTP/1.1" 302 51 "http://localhost/" "Mozilla/5.0 (Windows NT 6.3; WOW64) AppleWebKit/537.36 (KHTML, like Gecko) Chrome/33.0.1750.154 Safari/537.36"
::1 - - [10/Apr/2014:03:55:04 +0100] "GET /install.php HTTP/1.1" 200 6933 "http://localhost/" "Mozilla/5.0 (Windows NT 6.3; WOW64) AppleWebKit/537.36 (KHTML, like Gecko) Chrome/33.0.1750.154 Safari/537.36"
::1 - - [10/Apr/2014:03:55:09 +0100] "GET /panel/ HTTP/1.1" 302 51 "http://localhost/" "Mozilla/5.0 (Windows NT 6.3; WOW64) AppleWebKit/537.36 (KHTML, like Gecko) Chrome/33.0.1750.154 Safari/537.36"
::1 - - [10/Apr/2014:03:55:09 +0100] "GET /install.php HTTP/1.1" 200 6933 "http://localhost/" "Mozilla/5.0 (Windows NT 6.3; WOW64) AppleWebKit/537.36 (KHTML, like Gecko) Chrome/33.0.1750.154 Safari/537.36"
::1 - - [10/Apr/2014:03:56:10 +0100] "GET /install.php HTTP/1.1" 200 357 "http://localhost/" "Mozilla/5.0 (Windows NT 6.3; WOW64) AppleWebKit/537.36 (KHTML, like Gecko) Chrome/33.0.1750.154 Safari/537.36"
::1 - - [10/Apr/2014:04:40:50 +0100] "GET / HTTP/1.1" 200 4722 "-" "Mozilla/5.0 (Windows NT 6.3; WOW64) AppleWebKit/537.36 (KHTML, like Gecko) Chrome/33.0.1750.154 Safari/537.36"
::1 - - [10/Apr/2014:04:40:53 +0100] "GET /panel/ HTTP/1.1" 302 51 "http://localhost/" "Mozilla/5.0 (Windows NT 6.3; WOW64) AppleWebKit/537.36 (KHTML, like Gecko) Chrome/33.0.1750.154 Safari/537.36"
::1 - - [10/Apr/2014:04:40:53 +0100] "GET /install.php HTTP/1.1" 200 6972 "http://localhost/" "Mozilla/5.0 (Windows NT 6.3; WOW64) AppleWebKit/537.36 (KHTML, like Gecko) Chrome/33.0.1750.154 Safari/537.36"
